============================================================
  Generated by:           Genus(TM) Synthesis Solution 18.14-s037_1
  Generated on:           Feb 25 2024  03:04:15 am
  Module:                 DataMem
  Operating conditions:   typical 
  Interconnect mode:      global
  Area mode:              physical library
============================================================


Path 1: UNCONSTRAINED
     Startpoint: (R) Addr[7]
       Endpoint: (F) DataOut[17]

                   Capture    Launch  
      Drv Adjust:+       0         0  
                                      
       Data Path:-    1599            

#----------------------------------------------------------------------------------------------
#    Timing Point     Flags    Arc   Edge   Cell     Fanout  Load Trans Delay Arrival Instance 
#                                                            (fF)  (ps)  (ps)   (ps)  Location 
#----------------------------------------------------------------------------------------------
  Addr[7]             -       -      R     (arrival)     19  35.1     0     0       0    (-,-) 
  g1515741/ZN         -       A->ZN  F     INV_X1        19  31.3    34    40      40    (-,-) 
  g1515638/ZN         -       A1->ZN R     NAND2_X1      12  22.6    57    78     118    (-,-) 
  g1515608/ZN         -       A->ZN  F     INV_X1         8  18.6    29    46     165    (-,-) 
  g1515496/ZN         -       A1->ZN F     AND2_X4       97 156.2    43    85     250    (-,-) 
  hi_fo_buf1524063/ZN -       A->ZN  R     INV_X1         8  38.5    90   119     369    (-,-) 
  hi_fo_buf1524059/ZN -       A->ZN  F     INV_X16      377 625.1    53    88     457    (-,-) 
  g1512895/ZN         -       A1->ZN R     AOI22_X1       1   2.0    28    52     509    (-,-) 
  g1511172/ZN         -       A3->ZN F     NAND3_X1       1   1.8    13    24     533    (-,-) 
  g1510153/ZN         -       A->ZN  R     AOI221_X1      1   1.9    43    74     606    (-,-) 
  g1509471/ZN         -       A1->ZN F     NAND2_X1       1   1.8    14    19     625    (-,-) 
  g1507736/ZN         -       A1->ZN R     AOI22_X1       1   1.8    25    33     659    (-,-) 
  g1503967/ZN         -       A1->ZN F     NAND4_X1       1   1.8    18    29     688    (-,-) 
  g1501652/ZN         -       A->ZN  R     AOI221_X1      1   1.8    42    74     762    (-,-) 
  g1495934/ZN         -       A1->ZN F     NAND4_X1       1   1.8    21    34     796    (-,-) 
  g1491497/ZN         -       A->ZN  R     AOI221_X1      1   1.8    42    76     872    (-,-) 
  g1489614__6083/ZN   -       A1->ZN F     NAND4_X1       1   1.8    21    34     906    (-,-) 
  g1485038__5953/ZN   -       B1->ZN R     AOI222_X1      1   1.8    48    80     986    (-,-) 
  g1484772__9682/ZN   -       A1->ZN F     NAND4_X1       1   1.8    22    35    1022    (-,-) 
  g1484723__1857/ZN   -       A->ZN  R     AOI221_X1      1   1.8    42    76    1098    (-,-) 
  g1484688__5703/ZN   -       A1->ZN F     NAND4_X1       1   1.8    21    34    1132    (-,-) 
  g1484663__2900/ZN   -       A->ZN  R     AOI221_X1      1   1.8    42    76    1208    (-,-) 
  g1484635__9906/ZN   -       A1->ZN F     NAND4_X1       1   1.8    21    34    1242    (-,-) 
  g1484619__3772/ZN   -       A->ZN  R     AOI221_X1      1   2.0    44    77    1320    (-,-) 
  g1484617/ZN         -       A->ZN  F     INV_X1         1   1.8    11    10    1330    (-,-) 
  g1484603__2683/ZN   -       A->ZN  R     AOI221_X1      2   3.8    57    88    1418    (-,-) 
  g1484575__5266/ZN   -       C1->ZN F     AOI221_X1      1   1.8    21    23    1441    (-,-) 
  g1484568__6877/ZN   -       C1->ZN R     AOI222_X1      1   1.2    43    85    1526    (-,-) 
  g1484564__4547/ZN   -       A1->ZN R     AND2_X1        4   7.2    20    56    1581    (-,-) 
  g1484560__8780/ZN   -       A2->ZN F     NAND3_X1       1   0.3    14    18    1599    (-,-) 
  DataOut[17]         -       -      F     (port)         -     -     -     0    1599    (-,-) 
#----------------------------------------------------------------------------------------------

