============================================================
  Generated by:           Genus(TM) Synthesis Solution 18.14-s037_1
  Generated on:           Feb 25 2024  02:27:24 am
  Module:                 RegFile
  Operating conditions:   typical 
  Interconnect mode:      global
  Area mode:              physical library
============================================================


Path 1: UNCONSTRAINED
     Startpoint: (F) AddrB[0]
       Endpoint: (F) DataOutB[13]

                   Capture    Launch  
      Drv Adjust:+       0         0  
                                      
       Data Path:-     660            

#-----------------------------------------------------------------------------------------
#  Timing Point   Flags    Arc   Edge   Cell     Fanout Load Trans Delay Arrival Instance 
#                                                       (fF)  (ps)  (ps)   (ps)  Location 
#-----------------------------------------------------------------------------------------
  AddrB[0]        -       -      F     (arrival)      3  5.2     0     0       0    (-,-) 
  g91092/ZN       -       A2->ZN R     NAND2_X1       6 14.6    39    44      44    (-,-) 
  g91081/ZN       -       A->ZN  F     INV_X1         7  8.8    17    26      70    (-,-) 
  g91044/ZN       -       A2->ZN F     AND2_X1       25 42.6    47    89     159    (-,-) 
  g90589__2250/ZN -       B1->ZN R     AOI22_X1       1  2.0    27    57     216    (-,-) 
  g90547/ZN       -       A->ZN  F     INV_X1         1  1.8     8    10     226    (-,-) 
  g90002__2391/ZN -       A->ZN  R     AOI221_X1      1  1.8    42    71     297    (-,-) 
  g89445__2703/ZN -       A1->ZN F     NAND4_X1       1  1.8    21    34     331    (-,-) 
  g88816__2703/ZN -       A->ZN  R     AOI221_X1      1  1.9    43    76     407    (-,-) 
  g88763__3772/ZN -       A1->ZN F     NAND3_X1       1  1.8    17    26     434    (-,-) 
  g88652__4296/ZN -       C1->ZN R     AOI222_X1      1  1.8    48    88     522    (-,-) 
  g88608__5795/ZN -       A1->ZN F     NAND4_X1       1  1.8    22    35     557    (-,-) 
  g88554__7675/ZN -       A->ZN  R     AOI221_X1      1  1.8    42    76     634    (-,-) 
  g88531__8757/ZN -       A1->ZN F     NAND4_X1       1  0.3    17    27     660    (-,-) 
  DataOutB[13]    -       -      F     (port)         -    -     -     0     660    (-,-) 
#-----------------------------------------------------------------------------------------

